TV: Calling getServices...
TV: Calling getServices...
TV: Raw Response Type: object, IsArray: true
TV: First item: {"serviceName":"servicenotlisted","capability":"Sms"}
TV: Total items: 3782
CRITICAL TV ERROR: Cannot read properties of undefined (reading 'toString') 
Stack: TypeError: Cannot read properties of undefined (reading 'toString')
    at C:\Users\ACER\Documents\trae_projects\Acctwave\.next\dev\server\chunks\[root-of-the-server]__48b05d59._.js:239:40
    at Array.map (<anonymous>)
    at TextVerified.getServices (C:\Users\ACER\Documents\trae_projects\Acctwave\.next\dev\server\chunks\[root-of-the-server]__48b05d59._.js:238:33)
    at process.processTicksAndRejections (node:internal/process/task_queues:105:5)
    at async GET (C:\Users\ACER\Documents\trae_projects\Acctwave\.next\dev\server\chunks\[root-of-the-server]__48b05d59._.js:536:36)
    at async AppRouteRouteModule.do (C:\Users\ACER\Documents\trae_projects\Acctwave\node_modules\next\dist\compiled\next-server\app-route-turbo.runtime.dev.js:5:37789)
    at async AppRouteRouteModule.handle (C:\Users\ACER\Documents\trae_projects\Acctwave\node_modules\next\dist\compiled\next-server\app-route-turbo.runtime.dev.js:5:45045)
    at async responseGenerator (C:\Users\ACER\Documents\trae_projects\Acctwave\.next\dev\server\chunks\node_modules_e6bd3c31._.js:15806:38)
    at async AppRouteRouteModule.handleResponse (C:\Users\ACER\Documents\trae_projects\Acctwave\node_modules\next\dist\compiled\next-server\app-route-turbo.runtime.dev.js:1:187851)
    at async handleResponse (C:\Users\ACER\Documents\trae_projects\Acctwave\.next\dev\server\chunks\node_modules_e6bd3c31._.js:15868:32)
    at async handler (C:\Users\ACER\Documents\trae_projects\Acctwave\.next\dev\server\chunks\node_modules_e6bd3c31._.js:15921:13)
    at async DevServer.renderToResponseWithComponentsImpl (C:\Users\ACER\Documents\trae_projects\Acctwave\node_modules\next\dist\server\base-server.js:1413:9)
    at async DevServer.renderPageComponent (C:\Users\ACER\Documents\trae_projects\Acctwave\node_modules\next\dist\server\base-server.js:1465:24)
    at async DevServer.renderToResponseImpl (C:\Users\ACER\Documents\trae_projects\Acctwave\node_modules\next\dist\server\base-server.js:1515:32)
    at async DevServer.pipeImpl (C:\Users\ACER\Documents\trae_projects\Acctwave\node_modules\next\dist\server\base-server.js:1021:25)
    at async NextNodeServer.handleCatchallRenderRequest (C:\Users\ACER\Documents\trae_projects\Acctwave\node_modules\next\dist\server\next-server.js:394:17)
    at async DevServer.handleRequestImpl (C:\Users\ACER\Documents\trae_projects\Acctwave\node_modules\next\dist\server\base-server.js:912:17)
    at async C:\Users\ACER\Documents\trae_projects\Acctwave\node_modules\next\dist\server\dev\next-dev-server.js:382:20
    at async Span.traceAsyncFn (C:\Users\ACER\Documents\trae_projects\Acctwave\node_modules\next\dist\trace\trace.js:157:20)
    at async DevServer.handleRequest (C:\Users\ACER\Documents\trae_projects\Acctwave\node_modules\next\dist\server\dev\next-dev-server.js:378:24)
    at async invokeRender (C:\Users\ACER\Documents\trae_projects\Acctwave\node_modules\next\dist\server\lib\router-server.js:240:21)
    at async handleRequest (C:\Users\ACER\Documents\trae_projects\Acctwave\node_modules\next\dist\server\lib\router-server.js:436:24)
    at async requestHandlerImpl (C:\Users\ACER\Documents\trae_projects\Acctwave\node_modules\next\dist\server\lib\router-server.js:484:13)
    at async Server.requestListener (C:\Users\ACER\Documents\trae_projects\Acctwave\node_modules\next\dist\server\lib\start-server.js:226:13)
TV: Calling getServices...
TV: Raw Response Type: object, IsArray: true
TV: First item: {"serviceName":"servicenotlisted","capability":"Sms"}
TV: Total items: 3782
CRITICAL TV ERROR: Cannot read properties of undefined (reading 'toString') 
Stack: TypeError: Cannot read properties of undefined (reading 'toString')
    at C:\Users\ACER\Documents\trae_projects\Acctwave\.next\dev\server\chunks\[root-of-the-server]__48b05d59._.js:239:40
    at Array.map (<anonymous>)
    at TextVerified.getServices (C:\Users\ACER\Documents\trae_projects\Acctwave\.next\dev\server\chunks\[root-of-the-server]__48b05d59._.js:238:33)
    at process.processTicksAndRejections (node:internal/process/task_queues:105:5)
    at async GET (C:\Users\ACER\Documents\trae_projects\Acctwave\.next\dev\server\chunks\[root-of-the-server]__48b05d59._.js:536:36)
    at async AppRouteRouteModule.do (C:\Users\ACER\Documents\trae_projects\Acctwave\node_modules\next\dist\compiled\next-server\app-route-turbo.runtime.dev.js:5:37789)
    at async AppRouteRouteModule.handle (C:\Users\ACER\Documents\trae_projects\Acctwave\node_modules\next\dist\compiled\next-server\app-route-turbo.runtime.dev.js:5:45045)
    at async responseGenerator (C:\Users\ACER\Documents\trae_projects\Acctwave\.next\dev\server\chunks\node_modules_e6bd3c31._.js:15806:38)
    at async AppRouteRouteModule.handleResponse (C:\Users\ACER\Documents\trae_projects\Acctwave\node_modules\next\dist\compiled\next-server\app-route-turbo.runtime.dev.js:1:187851)
    at async handleResponse (C:\Users\ACER\Documents\trae_projects\Acctwave\.next\dev\server\chunks\node_modules_e6bd3c31._.js:15868:32)
    at async handler (C:\Users\ACER\Documents\trae_projects\Acctwave\.next\dev\server\chunks\node_modules_e6bd3c31._.js:15921:13)
    at async DevServer.renderToResponseWithComponentsImpl (C:\Users\ACER\Documents\trae_projects\Acctwave\node_modules\next\dist\server\base-server.js:1413:9)
    at async DevServer.renderPageComponent (C:\Users\ACER\Documents\trae_projects\Acctwave\node_modules\next\dist\server\base-server.js:1465:24)
    at async DevServer.renderToResponseImpl (C:\Users\ACER\Documents\trae_projects\Acctwave\node_modules\next\dist\server\base-server.js:1515:32)
    at async DevServer.pipeImpl (C:\Users\ACER\Documents\trae_projects\Acctwave\node_modules\next\dist\server\base-server.js:1021:25)
    at async NextNodeServer.handleCatchallRenderRequest (C:\Users\ACER\Documents\trae_projects\Acctwave\node_modules\next\dist\server\next-server.js:394:17)
    at async DevServer.handleRequestImpl (C:\Users\ACER\Documents\trae_projects\Acctwave\node_modules\next\dist\server\base-server.js:912:17)
    at async C:\Users\ACER\Documents\trae_projects\Acctwave\node_modules\next\dist\server\dev\next-dev-server.js:382:20
    at async Span.traceAsyncFn (C:\Users\ACER\Documents\trae_projects\Acctwave\node_modules\next\dist\trace\trace.js:157:20)
    at async DevServer.handleRequest (C:\Users\ACER\Documents\trae_projects\Acctwave\node_modules\next\dist\server\dev\next-dev-server.js:378:24)
    at async invokeRender (C:\Users\ACER\Documents\trae_projects\Acctwave\node_modules\next\dist\server\lib\router-server.js:240:21)
    at async handleRequest (C:\Users\ACER\Documents\trae_projects\Acctwave\node_modules\next\dist\server\lib\router-server.js:436:24)
    at async requestHandlerImpl (C:\Users\ACER\Documents\trae_projects\Acctwave\node_modules\next\dist\server\lib\router-server.js:484:13)
    at async Server.requestListener (C:\Users\ACER\Documents\trae_projects\Acctwave\node_modules\next\dist\server\lib\start-server.js:226:13)
TV: Raw Response Type: object, IsArray: true
TV: First item: {"serviceName":"servicenotlisted","capability":"Sms"}
TV: Total items: 3782
CRITICAL TV ERROR: Cannot read properties of undefined (reading 'toString') 
Stack: TypeError: Cannot read properties of undefined (reading 'toString')
    at C:\Users\ACER\Documents\trae_projects\Acctwave\.next\dev\server\chunks\[root-of-the-server]__48b05d59._.js:239:40
    at Array.map (<anonymous>)
    at TextVerified.getServices (C:\Users\ACER\Documents\trae_projects\Acctwave\.next\dev\server\chunks\[root-of-the-server]__48b05d59._.js:238:33)
    at process.processTicksAndRejections (node:internal/process/task_queues:105:5)
    at async GET (C:\Users\ACER\Documents\trae_projects\Acctwave\.next\dev\server\chunks\[root-of-the-server]__48b05d59._.js:536:36)
    at async AppRouteRouteModule.do (C:\Users\ACER\Documents\trae_projects\Acctwave\node_modules\next\dist\compiled\next-server\app-route-turbo.runtime.dev.js:5:37789)
    at async AppRouteRouteModule.handle (C:\Users\ACER\Documents\trae_projects\Acctwave\node_modules\next\dist\compiled\next-server\app-route-turbo.runtime.dev.js:5:45045)
    at async responseGenerator (C:\Users\ACER\Documents\trae_projects\Acctwave\.next\dev\server\chunks\node_modules_e6bd3c31._.js:15806:38)
    at async AppRouteRouteModule.handleResponse (C:\Users\ACER\Documents\trae_projects\Acctwave\node_modules\next\dist\compiled\next-server\app-route-turbo.runtime.dev.js:1:187851)
    at async handleResponse (C:\Users\ACER\Documents\trae_projects\Acctwave\.next\dev\server\chunks\node_modules_e6bd3c31._.js:15868:32)
    at async handler (C:\Users\ACER\Documents\trae_projects\Acctwave\.next\dev\server\chunks\node_modules_e6bd3c31._.js:15921:13)
    at async DevServer.renderToResponseWithComponentsImpl (C:\Users\ACER\Documents\trae_projects\Acctwave\node_modules\next\dist\server\base-server.js:1413:9)
    at async DevServer.renderPageComponent (C:\Users\ACER\Documents\trae_projects\Acctwave\node_modules\next\dist\server\base-server.js:1465:24)
    at async DevServer.renderToResponseImpl (C:\Users\ACER\Documents\trae_projects\Acctwave\node_modules\next\dist\server\base-server.js:1515:32)
    at async DevServer.pipeImpl (C:\Users\ACER\Documents\trae_projects\Acctwave\node_modules\next\dist\server\base-server.js:1021:25)
    at async NextNodeServer.handleCatchallRenderRequest (C:\Users\ACER\Documents\trae_projects\Acctwave\node_modules\next\dist\server\next-server.js:394:17)
    at async DevServer.handleRequestImpl (C:\Users\ACER\Documents\trae_projects\Acctwave\node_modules\next\dist\server\base-server.js:912:17)
    at async C:\Users\ACER\Documents\trae_projects\Acctwave\node_modules\next\dist\server\dev\next-dev-server.js:382:20
    at async Span.traceAsyncFn (C:\Users\ACER\Documents\trae_projects\Acctwave\node_modules\next\dist\trace\trace.js:157:20)
    at async DevServer.handleRequest (C:\Users\ACER\Documents\trae_projects\Acctwave\node_modules\next\dist\server\dev\next-dev-server.js:378:24)
    at async invokeRender (C:\Users\ACER\Documents\trae_projects\Acctwave\node_modules\next\dist\server\lib\router-server.js:240:21)
    at async handleRequest (C:\Users\ACER\Documents\trae_projects\Acctwave\node_modules\next\dist\server\lib\router-server.js:436:24)
    at async requestHandlerImpl (C:\Users\ACER\Documents\trae_projects\Acctwave\node_modules\next\dist\server\lib\router-server.js:484:13)
    at async Server.requestListener (C:\Users\ACER\Documents\trae_projects\Acctwave\node_modules\next\dist\server\lib\start-server.js:226:13)
TV: Calling getServices...
TV: Raw Response Type: object, IsArray: true
TV: First item: {"serviceName":"servicenotlisted","capability":"Sms"}
TV: Total items: 3782
CRITICAL TV ERROR: Cannot read properties of undefined (reading 'toString') 
Stack: TypeError: Cannot read properties of undefined (reading 'toString')
    at C:\Users\ACER\Documents\trae_projects\Acctwave\.next\dev\server\chunks\[root-of-the-server]__48b05d59._.js:239:40
    at Array.map (<anonymous>)
    at TextVerified.getServices (C:\Users\ACER\Documents\trae_projects\Acctwave\.next\dev\server\chunks\[root-of-the-server]__48b05d59._.js:238:33)
    at process.processTicksAndRejections (node:internal/process/task_queues:105:5)
    at async GET (C:\Users\ACER\Documents\trae_projects\Acctwave\.next\dev\server\chunks\[root-of-the-server]__48b05d59._.js:536:36)
    at async AppRouteRouteModule.do (C:\Users\ACER\Documents\trae_projects\Acctwave\node_modules\next\dist\compiled\next-server\app-route-turbo.runtime.dev.js:5:37789)
    at async AppRouteRouteModule.handle (C:\Users\ACER\Documents\trae_projects\Acctwave\node_modules\next\dist\compiled\next-server\app-route-turbo.runtime.dev.js:5:45045)
    at async responseGenerator (C:\Users\ACER\Documents\trae_projects\Acctwave\.next\dev\server\chunks\node_modules_e6bd3c31._.js:15806:38)
    at async AppRouteRouteModule.handleResponse (C:\Users\ACER\Documents\trae_projects\Acctwave\node_modules\next\dist\compiled\next-server\app-route-turbo.runtime.dev.js:1:187851)
    at async handleResponse (C:\Users\ACER\Documents\trae_projects\Acctwave\.next\dev\server\chunks\node_modules_e6bd3c31._.js:15868:32)
    at async handler (C:\Users\ACER\Documents\trae_projects\Acctwave\.next\dev\server\chunks\node_modules_e6bd3c31._.js:15921:13)
    at async DevServer.renderToResponseWithComponentsImpl (C:\Users\ACER\Documents\trae_projects\Acctwave\node_modules\next\dist\server\base-server.js:1413:9)
    at async DevServer.renderPageComponent (C:\Users\ACER\Documents\trae_projects\Acctwave\node_modules\next\dist\server\base-server.js:1465:24)
    at async DevServer.renderToResponseImpl (C:\Users\ACER\Documents\trae_projects\Acctwave\node_modules\next\dist\server\base-server.js:1515:32)
    at async DevServer.pipeImpl (C:\Users\ACER\Documents\trae_projects\Acctwave\node_modules\next\dist\server\base-server.js:1021:25)
    at async NextNodeServer.handleCatchallRenderRequest (C:\Users\ACER\Documents\trae_projects\Acctwave\node_modules\next\dist\server\next-server.js:394:17)
    at async DevServer.handleRequestImpl (C:\Users\ACER\Documents\trae_projects\Acctwave\node_modules\next\dist\server\base-server.js:912:17)
    at async C:\Users\ACER\Documents\trae_projects\Acctwave\node_modules\next\dist\server\dev\next-dev-server.js:382:20
    at async Span.traceAsyncFn (C:\Users\ACER\Documents\trae_projects\Acctwave\node_modules\next\dist\trace\trace.js:157:20)
    at async DevServer.handleRequest (C:\Users\ACER\Documents\trae_projects\Acctwave\node_modules\next\dist\server\dev\next-dev-server.js:378:24)
    at async invokeRender (C:\Users\ACER\Documents\trae_projects\Acctwave\node_modules\next\dist\server\lib\router-server.js:240:21)
    at async handleRequest (C:\Users\ACER\Documents\trae_projects\Acctwave\node_modules\next\dist\server\lib\router-server.js:436:24)
    at async requestHandlerImpl (C:\Users\ACER\Documents\trae_projects\Acctwave\node_modules\next\dist\server\lib\router-server.js:484:13)
    at async Server.requestListener (C:\Users\ACER\Documents\trae_projects\Acctwave\node_modules\next\dist\server\lib\start-server.js:226:13)
TV: Calling getServices...
TV: Raw Response Type: object, IsArray: true
TV: First item: {"serviceName":"servicenotlisted","capability":"Sms"}
TV: Total items: 3782
CRITICAL TV ERROR: Cannot read properties of undefined (reading 'toString') 
Stack: TypeError: Cannot read properties of undefined (reading 'toString')
    at C:\Users\ACER\Documents\trae_projects\Acctwave\.next\dev\server\chunks\[root-of-the-server]__48b05d59._.js:239:40
    at Array.map (<anonymous>)
    at TextVerified.getServices (C:\Users\ACER\Documents\trae_projects\Acctwave\.next\dev\server\chunks\[root-of-the-server]__48b05d59._.js:238:33)
    at process.processTicksAndRejections (node:internal/process/task_queues:105:5)
    at async GET (C:\Users\ACER\Documents\trae_projects\Acctwave\.next\dev\server\chunks\[root-of-the-server]__48b05d59._.js:536:36)
    at async AppRouteRouteModule.do (C:\Users\ACER\Documents\trae_projects\Acctwave\node_modules\next\dist\compiled\next-server\app-route-turbo.runtime.dev.js:5:37789)
    at async AppRouteRouteModule.handle (C:\Users\ACER\Documents\trae_projects\Acctwave\node_modules\next\dist\compiled\next-server\app-route-turbo.runtime.dev.js:5:45045)
    at async responseGenerator (C:\Users\ACER\Documents\trae_projects\Acctwave\.next\dev\server\chunks\node_modules_e6bd3c31._.js:15806:38)
    at async AppRouteRouteModule.handleResponse (C:\Users\ACER\Documents\trae_projects\Acctwave\node_modules\next\dist\compiled\next-server\app-route-turbo.runtime.dev.js:1:187851)
    at async handleResponse (C:\Users\ACER\Documents\trae_projects\Acctwave\.next\dev\server\chunks\node_modules_e6bd3c31._.js:15868:32)
    at async handler (C:\Users\ACER\Documents\trae_projects\Acctwave\.next\dev\server\chunks\node_modules_e6bd3c31._.js:15921:13)
    at async DevServer.renderToResponseWithComponentsImpl (C:\Users\ACER\Documents\trae_projects\Acctwave\node_modules\next\dist\server\base-server.js:1413:9)
    at async DevServer.renderPageComponent (C:\Users\ACER\Documents\trae_projects\Acctwave\node_modules\next\dist\server\base-server.js:1465:24)
    at async DevServer.renderToResponseImpl (C:\Users\ACER\Documents\trae_projects\Acctwave\node_modules\next\dist\server\base-server.js:1515:32)
    at async DevServer.pipeImpl (C:\Users\ACER\Documents\trae_projects\Acctwave\node_modules\next\dist\server\base-server.js:1021:25)
    at async NextNodeServer.handleCatchallRenderRequest (C:\Users\ACER\Documents\trae_projects\Acctwave\node_modules\next\dist\server\next-server.js:394:17)
    at async DevServer.handleRequestImpl (C:\Users\ACER\Documents\trae_projects\Acctwave\node_modules\next\dist\server\base-server.js:912:17)
    at async C:\Users\ACER\Documents\trae_projects\Acctwave\node_modules\next\dist\server\dev\next-dev-server.js:382:20
    at async Span.traceAsyncFn (C:\Users\ACER\Documents\trae_projects\Acctwave\node_modules\next\dist\trace\trace.js:157:20)
    at async DevServer.handleRequest (C:\Users\ACER\Documents\trae_projects\Acctwave\node_modules\next\dist\server\dev\next-dev-server.js:378:24)
    at async invokeRender (C:\Users\ACER\Documents\trae_projects\Acctwave\node_modules\next\dist\server\lib\router-server.js:240:21)
    at async handleRequest (C:\Users\ACER\Documents\trae_projects\Acctwave\node_modules\next\dist\server\lib\router-server.js:436:24)
    at async requestHandlerImpl (C:\Users\ACER\Documents\trae_projects\Acctwave\node_modules\next\dist\server\lib\router-server.js:484:13)
    at async Server.requestListener (C:\Users\ACER\Documents\trae_projects\Acctwave\node_modules\next\dist\server\lib\start-server.js:226:13)
TV: Calling getServices...
TV: Raw Response Type: object, IsArray: true
TV: First item: {"serviceName":"servicenotlisted","capability":"Sms"}
TV: Total items: 3782
CRITICAL TV ERROR: Cannot read properties of undefined (reading 'toString') 
Stack: TypeError: Cannot read properties of undefined (reading 'toString')
    at C:\Users\ACER\Documents\trae_projects\Acctwave\.next\dev\server\chunks\[root-of-the-server]__48b05d59._.js:239:40
    at Array.map (<anonymous>)
    at TextVerified.getServices (C:\Users\ACER\Documents\trae_projects\Acctwave\.next\dev\server\chunks\[root-of-the-server]__48b05d59._.js:238:33)
    at process.processTicksAndRejections (node:internal/process/task_queues:105:5)
    at async GET (C:\Users\ACER\Documents\trae_projects\Acctwave\.next\dev\server\chunks\[root-of-the-server]__48b05d59._.js:536:36)
    at async AppRouteRouteModule.do (C:\Users\ACER\Documents\trae_projects\Acctwave\node_modules\next\dist\compiled\next-server\app-route-turbo.runtime.dev.js:5:37789)
    at async AppRouteRouteModule.handle (C:\Users\ACER\Documents\trae_projects\Acctwave\node_modules\next\dist\compiled\next-server\app-route-turbo.runtime.dev.js:5:45045)
    at async responseGenerator (C:\Users\ACER\Documents\trae_projects\Acctwave\.next\dev\server\chunks\node_modules_e6bd3c31._.js:15806:38)
    at async AppRouteRouteModule.handleResponse (C:\Users\ACER\Documents\trae_projects\Acctwave\node_modules\next\dist\compiled\next-server\app-route-turbo.runtime.dev.js:1:187851)
    at async handleResponse (C:\Users\ACER\Documents\trae_projects\Acctwave\.next\dev\server\chunks\node_modules_e6bd3c31._.js:15868:32)
    at async handler (C:\Users\ACER\Documents\trae_projects\Acctwave\.next\dev\server\chunks\node_modules_e6bd3c31._.js:15921:13)
    at async DevServer.renderToResponseWithComponentsImpl (C:\Users\ACER\Documents\trae_projects\Acctwave\node_modules\next\dist\server\base-server.js:1413:9)
    at async DevServer.renderPageComponent (C:\Users\ACER\Documents\trae_projects\Acctwave\node_modules\next\dist\server\base-server.js:1465:24)
    at async DevServer.renderToResponseImpl (C:\Users\ACER\Documents\trae_projects\Acctwave\node_modules\next\dist\server\base-server.js:1515:32)
    at async DevServer.pipeImpl (C:\Users\ACER\Documents\trae_projects\Acctwave\node_modules\next\dist\server\base-server.js:1021:25)
    at async NextNodeServer.handleCatchallRenderRequest (C:\Users\ACER\Documents\trae_projects\Acctwave\node_modules\next\dist\server\next-server.js:394:17)
    at async DevServer.handleRequestImpl (C:\Users\ACER\Documents\trae_projects\Acctwave\node_modules\next\dist\server\base-server.js:912:17)
    at async C:\Users\ACER\Documents\trae_projects\Acctwave\node_modules\next\dist\server\dev\next-dev-server.js:382:20
    at async Span.traceAsyncFn (C:\Users\ACER\Documents\trae_projects\Acctwave\node_modules\next\dist\trace\trace.js:157:20)
    at async DevServer.handleRequest (C:\Users\ACER\Documents\trae_projects\Acctwave\node_modules\next\dist\server\dev\next-dev-server.js:378:24)
    at async invokeRender (C:\Users\ACER\Documents\trae_projects\Acctwave\node_modules\next\dist\server\lib\router-server.js:240:21)
    at async handleRequest (C:\Users\ACER\Documents\trae_projects\Acctwave\node_modules\next\dist\server\lib\router-server.js:436:24)
    at async requestHandlerImpl (C:\Users\ACER\Documents\trae_projects\Acctwave\node_modules\next\dist\server\lib\router-server.js:484:13)
    at async Server.requestListener (C:\Users\ACER\Documents\trae_projects\Acctwave\node_modules\next\dist\server\lib\start-server.js:226:13)
TV: Calling getServices...
TV: Raw Response Type: object, IsArray: true
TV: First item: {"serviceName":"servicenotlisted","capability":"Sms"}
TV: Total items: 3782
CRITICAL TV ERROR: Cannot read properties of undefined (reading 'toString') 
Stack: TypeError: Cannot read properties of undefined (reading 'toString')
    at C:\Users\ACER\Documents\trae_projects\Acctwave\.next\dev\server\chunks\[root-of-the-server]__48b05d59._.js:239:40
    at Array.map (<anonymous>)
    at TextVerified.getServices (C:\Users\ACER\Documents\trae_projects\Acctwave\.next\dev\server\chunks\[root-of-the-server]__48b05d59._.js:238:33)
    at process.processTicksAndRejections (node:internal/process/task_queues:105:5)
    at async GET (C:\Users\ACER\Documents\trae_projects\Acctwave\.next\dev\server\chunks\[root-of-the-server]__48b05d59._.js:536:36)
    at async AppRouteRouteModule.do (C:\Users\ACER\Documents\trae_projects\Acctwave\node_modules\next\dist\compiled\next-server\app-route-turbo.runtime.dev.js:5:37789)
    at async AppRouteRouteModule.handle (C:\Users\ACER\Documents\trae_projects\Acctwave\node_modules\next\dist\compiled\next-server\app-route-turbo.runtime.dev.js:5:45045)
    at async responseGenerator (C:\Users\ACER\Documents\trae_projects\Acctwave\.next\dev\server\chunks\node_modules_e6bd3c31._.js:15806:38)
    at async AppRouteRouteModule.handleResponse (C:\Users\ACER\Documents\trae_projects\Acctwave\node_modules\next\dist\compiled\next-server\app-route-turbo.runtime.dev.js:1:187851)
    at async handleResponse (C:\Users\ACER\Documents\trae_projects\Acctwave\.next\dev\server\chunks\node_modules_e6bd3c31._.js:15868:32)
    at async handler (C:\Users\ACER\Documents\trae_projects\Acctwave\.next\dev\server\chunks\node_modules_e6bd3c31._.js:15921:13)
    at async DevServer.renderToResponseWithComponentsImpl (C:\Users\ACER\Documents\trae_projects\Acctwave\node_modules\next\dist\server\base-server.js:1413:9)
    at async DevServer.renderPageComponent (C:\Users\ACER\Documents\trae_projects\Acctwave\node_modules\next\dist\server\base-server.js:1465:24)
    at async DevServer.renderToResponseImpl (C:\Users\ACER\Documents\trae_projects\Acctwave\node_modules\next\dist\server\base-server.js:1515:32)
    at async DevServer.pipeImpl (C:\Users\ACER\Documents\trae_projects\Acctwave\node_modules\next\dist\server\base-server.js:1021:25)
    at async NextNodeServer.handleCatchallRenderRequest (C:\Users\ACER\Documents\trae_projects\Acctwave\node_modules\next\dist\server\next-server.js:394:17)
    at async DevServer.handleRequestImpl (C:\Users\ACER\Documents\trae_projects\Acctwave\node_modules\next\dist\server\base-server.js:912:17)
    at async C:\Users\ACER\Documents\trae_projects\Acctwave\node_modules\next\dist\server\dev\next-dev-server.js:382:20
    at async Span.traceAsyncFn (C:\Users\ACER\Documents\trae_projects\Acctwave\node_modules\next\dist\trace\trace.js:157:20)
    at async DevServer.handleRequest (C:\Users\ACER\Documents\trae_projects\Acctwave\node_modules\next\dist\server\dev\next-dev-server.js:378:24)
    at async invokeRender (C:\Users\ACER\Documents\trae_projects\Acctwave\node_modules\next\dist\server\lib\router-server.js:240:21)
    at async handleRequest (C:\Users\ACER\Documents\trae_projects\Acctwave\node_modules\next\dist\server\lib\router-server.js:436:24)
    at async requestHandlerImpl (C:\Users\ACER\Documents\trae_projects\Acctwave\node_modules\next\dist\server\lib\router-server.js:484:13)
    at async Server.requestListener (C:\Users\ACER\Documents\trae_projects\Acctwave\node_modules\next\dist\server\lib\start-server.js:226:13)
TV: Calling getServices...
TV: Raw Response Type: object, IsArray: true
TV: First item: {"serviceName":"servicenotlisted","capability":"Sms"}
TV: Total items: 3782
CRITICAL TV ERROR: Cannot read properties of undefined (reading 'toString') 
Stack: TypeError: Cannot read properties of undefined (reading 'toString')
    at C:\Users\ACER\Documents\trae_projects\Acctwave\.next\dev\server\chunks\[root-of-the-server]__48b05d59._.js:239:40
    at Array.map (<anonymous>)
    at TextVerified.getServices (C:\Users\ACER\Documents\trae_projects\Acctwave\.next\dev\server\chunks\[root-of-the-server]__48b05d59._.js:238:33)
    at process.processTicksAndRejections (node:internal/process/task_queues:105:5)
    at async GET (C:\Users\ACER\Documents\trae_projects\Acctwave\.next\dev\server\chunks\[root-of-the-server]__48b05d59._.js:536:36)
    at async AppRouteRouteModule.do (C:\Users\ACER\Documents\trae_projects\Acctwave\node_modules\next\dist\compiled\next-server\app-route-turbo.runtime.dev.js:5:37789)
    at async AppRouteRouteModule.handle (C:\Users\ACER\Documents\trae_projects\Acctwave\node_modules\next\dist\compiled\next-server\app-route-turbo.runtime.dev.js:5:45045)
    at async responseGenerator (C:\Users\ACER\Documents\trae_projects\Acctwave\.next\dev\server\chunks\node_modules_e6bd3c31._.js:15806:38)
    at async AppRouteRouteModule.handleResponse (C:\Users\ACER\Documents\trae_projects\Acctwave\node_modules\next\dist\compiled\next-server\app-route-turbo.runtime.dev.js:1:187851)
    at async handleResponse (C:\Users\ACER\Documents\trae_projects\Acctwave\.next\dev\server\chunks\node_modules_e6bd3c31._.js:15868:32)
    at async handler (C:\Users\ACER\Documents\trae_projects\Acctwave\.next\dev\server\chunks\node_modules_e6bd3c31._.js:15921:13)
    at async DevServer.renderToResponseWithComponentsImpl (C:\Users\ACER\Documents\trae_projects\Acctwave\node_modules\next\dist\server\base-server.js:1413:9)
    at async DevServer.renderPageComponent (C:\Users\ACER\Documents\trae_projects\Acctwave\node_modules\next\dist\server\base-server.js:1465:24)
    at async DevServer.renderToResponseImpl (C:\Users\ACER\Documents\trae_projects\Acctwave\node_modules\next\dist\server\base-server.js:1515:32)
    at async DevServer.pipeImpl (C:\Users\ACER\Documents\trae_projects\Acctwave\node_modules\next\dist\server\base-server.js:1021:25)
    at async NextNodeServer.handleCatchallRenderRequest (C:\Users\ACER\Documents\trae_projects\Acctwave\node_modules\next\dist\server\next-server.js:394:17)
    at async DevServer.handleRequestImpl (C:\Users\ACER\Documents\trae_projects\Acctwave\node_modules\next\dist\server\base-server.js:912:17)
    at async C:\Users\ACER\Documents\trae_projects\Acctwave\node_modules\next\dist\server\dev\next-dev-server.js:382:20
    at async Span.traceAsyncFn (C:\Users\ACER\Documents\trae_projects\Acctwave\node_modules\next\dist\trace\trace.js:157:20)
    at async DevServer.handleRequest (C:\Users\ACER\Documents\trae_projects\Acctwave\node_modules\next\dist\server\dev\next-dev-server.js:378:24)
    at async invokeRender (C:\Users\ACER\Documents\trae_projects\Acctwave\node_modules\next\dist\server\lib\router-server.js:240:21)
    at async handleRequest (C:\Users\ACER\Documents\trae_projects\Acctwave\node_modules\next\dist\server\lib\router-server.js:436:24)
    at async requestHandlerImpl (C:\Users\ACER\Documents\trae_projects\Acctwave\node_modules\next\dist\server\lib\router-server.js:484:13)
    at async Server.requestListener (C:\Users\ACER\Documents\trae_projects\Acctwave\node_modules\next\dist\server\lib\start-server.js:226:13)
TV: Calling getServices...
TV: Raw Response Type: object, IsArray: true
TV: First item: {"serviceName":"servicenotlisted","capability":"Sms"}
TV: Total items: 3782
CRITICAL TV ERROR: Cannot read properties of undefined (reading 'toString') 
Stack: TypeError: Cannot read properties of undefined (reading 'toString')
    at C:\Users\ACER\Documents\trae_projects\Acctwave\.next\dev\server\chunks\[root-of-the-server]__48b05d59._.js:239:40
    at Array.map (<anonymous>)
    at TextVerified.getServices (C:\Users\ACER\Documents\trae_projects\Acctwave\.next\dev\server\chunks\[root-of-the-server]__48b05d59._.js:238:33)
    at process.processTicksAndRejections (node:internal/process/task_queues:105:5)
    at async GET (C:\Users\ACER\Documents\trae_projects\Acctwave\.next\dev\server\chunks\[root-of-the-server]__48b05d59._.js:536:36)
    at async AppRouteRouteModule.do (C:\Users\ACER\Documents\trae_projects\Acctwave\node_modules\next\dist\compiled\next-server\app-route-turbo.runtime.dev.js:5:37789)
    at async AppRouteRouteModule.handle (C:\Users\ACER\Documents\trae_projects\Acctwave\node_modules\next\dist\compiled\next-server\app-route-turbo.runtime.dev.js:5:45045)
    at async responseGenerator (C:\Users\ACER\Documents\trae_projects\Acctwave\.next\dev\server\chunks\node_modules_e6bd3c31._.js:15806:38)
    at async AppRouteRouteModule.handleResponse (C:\Users\ACER\Documents\trae_projects\Acctwave\node_modules\next\dist\compiled\next-server\app-route-turbo.runtime.dev.js:1:187851)
    at async handleResponse (C:\Users\ACER\Documents\trae_projects\Acctwave\.next\dev\server\chunks\node_modules_e6bd3c31._.js:15868:32)
    at async handler (C:\Users\ACER\Documents\trae_projects\Acctwave\.next\dev\server\chunks\node_modules_e6bd3c31._.js:15921:13)
    at async DevServer.renderToResponseWithComponentsImpl (C:\Users\ACER\Documents\trae_projects\Acctwave\node_modules\next\dist\server\base-server.js:1413:9)
    at async DevServer.renderPageComponent (C:\Users\ACER\Documents\trae_projects\Acctwave\node_modules\next\dist\server\base-server.js:1465:24)
    at async DevServer.renderToResponseImpl (C:\Users\ACER\Documents\trae_projects\Acctwave\node_modules\next\dist\server\base-server.js:1515:32)
    at async DevServer.pipeImpl (C:\Users\ACER\Documents\trae_projects\Acctwave\node_modules\next\dist\server\base-server.js:1021:25)
    at async NextNodeServer.handleCatchallRenderRequest (C:\Users\ACER\Documents\trae_projects\Acctwave\node_modules\next\dist\server\next-server.js:394:17)
    at async DevServer.handleRequestImpl (C:\Users\ACER\Documents\trae_projects\Acctwave\node_modules\next\dist\server\base-server.js:912:17)
    at async C:\Users\ACER\Documents\trae_projects\Acctwave\node_modules\next\dist\server\dev\next-dev-server.js:382:20
    at async Span.traceAsyncFn (C:\Users\ACER\Documents\trae_projects\Acctwave\node_modules\next\dist\trace\trace.js:157:20)
    at async DevServer.handleRequest (C:\Users\ACER\Documents\trae_projects\Acctwave\node_modules\next\dist\server\dev\next-dev-server.js:378:24)
    at async invokeRender (C:\Users\ACER\Documents\trae_projects\Acctwave\node_modules\next\dist\server\lib\router-server.js:240:21)
    at async handleRequest (C:\Users\ACER\Documents\trae_projects\Acctwave\node_modules\next\dist\server\lib\router-server.js:436:24)
    at async requestHandlerImpl (C:\Users\ACER\Documents\trae_projects\Acctwave\node_modules\next\dist\server\lib\router-server.js:484:13)
    at async Server.requestListener (C:\Users\ACER\Documents\trae_projects\Acctwave\node_modules\next\dist\server\lib\start-server.js:226:13)
TV: Calling getServices...
TV: Raw Response Type: object, IsArray: true
TV: First item: {"serviceName":"servicenotlisted","capability":"Sms"}
TV: Total items: 3782
CRITICAL TV ERROR: Cannot read properties of undefined (reading 'toString') 
Stack: TypeError: Cannot read properties of undefined (reading 'toString')
    at C:\Users\ACER\Documents\trae_projects\Acctwave\.next\dev\server\chunks\[root-of-the-server]__48b05d59._.js:239:40
    at Array.map (<anonymous>)
    at TextVerified.getServices (C:\Users\ACER\Documents\trae_projects\Acctwave\.next\dev\server\chunks\[root-of-the-server]__48b05d59._.js:238:33)
    at process.processTicksAndRejections (node:internal/process/task_queues:105:5)
    at async GET (C:\Users\ACER\Documents\trae_projects\Acctwave\.next\dev\server\chunks\[root-of-the-server]__48b05d59._.js:536:36)
    at async AppRouteRouteModule.do (C:\Users\ACER\Documents\trae_projects\Acctwave\node_modules\next\dist\compiled\next-server\app-route-turbo.runtime.dev.js:5:37789)
    at async AppRouteRouteModule.handle (C:\Users\ACER\Documents\trae_projects\Acctwave\node_modules\next\dist\compiled\next-server\app-route-turbo.runtime.dev.js:5:45045)
    at async responseGenerator (C:\Users\ACER\Documents\trae_projects\Acctwave\.next\dev\server\chunks\node_modules_e6bd3c31._.js:15806:38)
    at async AppRouteRouteModule.handleResponse (C:\Users\ACER\Documents\trae_projects\Acctwave\node_modules\next\dist\compiled\next-server\app-route-turbo.runtime.dev.js:1:187851)
    at async handleResponse (C:\Users\ACER\Documents\trae_projects\Acctwave\.next\dev\server\chunks\node_modules_e6bd3c31._.js:15868:32)
    at async handler (C:\Users\ACER\Documents\trae_projects\Acctwave\.next\dev\server\chunks\node_modules_e6bd3c31._.js:15921:13)
    at async DevServer.renderToResponseWithComponentsImpl (C:\Users\ACER\Documents\trae_projects\Acctwave\node_modules\next\dist\server\base-server.js:1413:9)
    at async DevServer.renderPageComponent (C:\Users\ACER\Documents\trae_projects\Acctwave\node_modules\next\dist\server\base-server.js:1465:24)
    at async DevServer.renderToResponseImpl (C:\Users\ACER\Documents\trae_projects\Acctwave\node_modules\next\dist\server\base-server.js:1515:32)
    at async DevServer.pipeImpl (C:\Users\ACER\Documents\trae_projects\Acctwave\node_modules\next\dist\server\base-server.js:1021:25)
    at async NextNodeServer.handleCatchallRenderRequest (C:\Users\ACER\Documents\trae_projects\Acctwave\node_modules\next\dist\server\next-server.js:394:17)
    at async DevServer.handleRequestImpl (C:\Users\ACER\Documents\trae_projects\Acctwave\node_modules\next\dist\server\base-server.js:912:17)
    at async C:\Users\ACER\Documents\trae_projects\Acctwave\node_modules\next\dist\server\dev\next-dev-server.js:382:20
    at async Span.traceAsyncFn (C:\Users\ACER\Documents\trae_projects\Acctwave\node_modules\next\dist\trace\trace.js:157:20)
    at async DevServer.handleRequest (C:\Users\ACER\Documents\trae_projects\Acctwave\node_modules\next\dist\server\dev\next-dev-server.js:378:24)
    at async invokeRender (C:\Users\ACER\Documents\trae_projects\Acctwave\node_modules\next\dist\server\lib\router-server.js:240:21)
    at async handleRequest (C:\Users\ACER\Documents\trae_projects\Acctwave\node_modules\next\dist\server\lib\router-server.js:436:24)
    at async requestHandlerImpl (C:\Users\ACER\Documents\trae_projects\Acctwave\node_modules\next\dist\server\lib\router-server.js:484:13)
    at async Server.requestListener (C:\Users\ACER\Documents\trae_projects\Acctwave\node_modules\next\dist\server\lib\start-server.js:226:13)
TV: Calling getServices...
TV: Raw Response Type: object, IsArray: true
TV: First item: {"serviceName":"servicenotlisted","capability":"Sms"}
TV: Total items: 3782
CRITICAL TV ERROR: Cannot read properties of undefined (reading 'toString') 
Stack: TypeError: Cannot read properties of undefined (reading 'toString')
    at C:\Users\ACER\Documents\trae_projects\Acctwave\.next\dev\server\chunks\[root-of-the-server]__48b05d59._.js:239:40
    at Array.map (<anonymous>)
    at TextVerified.getServices (C:\Users\ACER\Documents\trae_projects\Acctwave\.next\dev\server\chunks\[root-of-the-server]__48b05d59._.js:238:33)
    at process.processTicksAndRejections (node:internal/process/task_queues:105:5)
    at async GET (C:\Users\ACER\Documents\trae_projects\Acctwave\.next\dev\server\chunks\[root-of-the-server]__48b05d59._.js:536:36)
    at async AppRouteRouteModule.do (C:\Users\ACER\Documents\trae_projects\Acctwave\node_modules\next\dist\compiled\next-server\app-route-turbo.runtime.dev.js:5:37789)
    at async AppRouteRouteModule.handle (C:\Users\ACER\Documents\trae_projects\Acctwave\node_modules\next\dist\compiled\next-server\app-route-turbo.runtime.dev.js:5:45045)
    at async responseGenerator (C:\Users\ACER\Documents\trae_projects\Acctwave\.next\dev\server\chunks\node_modules_e6bd3c31._.js:15806:38)
    at async AppRouteRouteModule.handleResponse (C:\Users\ACER\Documents\trae_projects\Acctwave\node_modules\next\dist\compiled\next-server\app-route-turbo.runtime.dev.js:1:187851)
    at async handleResponse (C:\Users\ACER\Documents\trae_projects\Acctwave\.next\dev\server\chunks\node_modules_e6bd3c31._.js:15868:32)
    at async handler (C:\Users\ACER\Documents\trae_projects\Acctwave\.next\dev\server\chunks\node_modules_e6bd3c31._.js:15921:13)
    at async DevServer.renderToResponseWithComponentsImpl (C:\Users\ACER\Documents\trae_projects\Acctwave\node_modules\next\dist\server\base-server.js:1413:9)
    at async DevServer.renderPageComponent (C:\Users\ACER\Documents\trae_projects\Acctwave\node_modules\next\dist\server\base-server.js:1465:24)
    at async DevServer.renderToResponseImpl (C:\Users\ACER\Documents\trae_projects\Acctwave\node_modules\next\dist\server\base-server.js:1515:32)
    at async DevServer.pipeImpl (C:\Users\ACER\Documents\trae_projects\Acctwave\node_modules\next\dist\server\base-server.js:1021:25)
    at async NextNodeServer.handleCatchallRenderRequest (C:\Users\ACER\Documents\trae_projects\Acctwave\node_modules\next\dist\server\next-server.js:394:17)
    at async DevServer.handleRequestImpl (C:\Users\ACER\Documents\trae_projects\Acctwave\node_modules\next\dist\server\base-server.js:912:17)
    at async C:\Users\ACER\Documents\trae_projects\Acctwave\node_modules\next\dist\server\dev\next-dev-server.js:382:20
    at async Span.traceAsyncFn (C:\Users\ACER\Documents\trae_projects\Acctwave\node_modules\next\dist\trace\trace.js:157:20)
    at async DevServer.handleRequest (C:\Users\ACER\Documents\trae_projects\Acctwave\node_modules\next\dist\server\dev\next-dev-server.js:378:24)
    at async invokeRender (C:\Users\ACER\Documents\trae_projects\Acctwave\node_modules\next\dist\server\lib\router-server.js:240:21)
    at async handleRequest (C:\Users\ACER\Documents\trae_projects\Acctwave\node_modules\next\dist\server\lib\router-server.js:436:24)
    at async requestHandlerImpl (C:\Users\ACER\Documents\trae_projects\Acctwave\node_modules\next\dist\server\lib\router-server.js:484:13)
    at async Server.requestListener (C:\Users\ACER\Documents\trae_projects\Acctwave\node_modules\next\dist\server\lib\start-server.js:226:13)
TV: Calling getServices...
TV: Raw Response Type: object, IsArray: true
TV: First item: {"serviceName":"servicenotlisted","capability":"Sms"}
TV: Total items: 3782
CRITICAL TV ERROR: Cannot read properties of undefined (reading 'toString') 
Stack: TypeError: Cannot read properties of undefined (reading 'toString')
    at C:\Users\ACER\Documents\trae_projects\Acctwave\.next\dev\server\chunks\[root-of-the-server]__48b05d59._.js:239:40
    at Array.map (<anonymous>)
    at TextVerified.getServices (C:\Users\ACER\Documents\trae_projects\Acctwave\.next\dev\server\chunks\[root-of-the-server]__48b05d59._.js:238:33)
    at process.processTicksAndRejections (node:internal/process/task_queues:105:5)
    at async GET (C:\Users\ACER\Documents\trae_projects\Acctwave\.next\dev\server\chunks\[root-of-the-server]__48b05d59._.js:536:36)
    at async AppRouteRouteModule.do (C:\Users\ACER\Documents\trae_projects\Acctwave\node_modules\next\dist\compiled\next-server\app-route-turbo.runtime.dev.js:5:37789)
    at async AppRouteRouteModule.handle (C:\Users\ACER\Documents\trae_projects\Acctwave\node_modules\next\dist\compiled\next-server\app-route-turbo.runtime.dev.js:5:45045)
    at async responseGenerator (C:\Users\ACER\Documents\trae_projects\Acctwave\.next\dev\server\chunks\node_modules_e6bd3c31._.js:15806:38)
    at async AppRouteRouteModule.handleResponse (C:\Users\ACER\Documents\trae_projects\Acctwave\node_modules\next\dist\compiled\next-server\app-route-turbo.runtime.dev.js:1:187851)
    at async handleResponse (C:\Users\ACER\Documents\trae_projects\Acctwave\.next\dev\server\chunks\node_modules_e6bd3c31._.js:15868:32)
    at async handler (C:\Users\ACER\Documents\trae_projects\Acctwave\.next\dev\server\chunks\node_modules_e6bd3c31._.js:15921:13)
    at async DevServer.renderToResponseWithComponentsImpl (C:\Users\ACER\Documents\trae_projects\Acctwave\node_modules\next\dist\server\base-server.js:1413:9)
    at async DevServer.renderPageComponent (C:\Users\ACER\Documents\trae_projects\Acctwave\node_modules\next\dist\server\base-server.js:1465:24)
    at async DevServer.renderToResponseImpl (C:\Users\ACER\Documents\trae_projects\Acctwave\node_modules\next\dist\server\base-server.js:1515:32)
    at async DevServer.pipeImpl (C:\Users\ACER\Documents\trae_projects\Acctwave\node_modules\next\dist\server\base-server.js:1021:25)
    at async NextNodeServer.handleCatchallRenderRequest (C:\Users\ACER\Documents\trae_projects\Acctwave\node_modules\next\dist\server\next-server.js:394:17)
    at async DevServer.handleRequestImpl (C:\Users\ACER\Documents\trae_projects\Acctwave\node_modules\next\dist\server\base-server.js:912:17)
    at async C:\Users\ACER\Documents\trae_projects\Acctwave\node_modules\next\dist\server\dev\next-dev-server.js:382:20
    at async Span.traceAsyncFn (C:\Users\ACER\Documents\trae_projects\Acctwave\node_modules\next\dist\trace\trace.js:157:20)
    at async DevServer.handleRequest (C:\Users\ACER\Documents\trae_projects\Acctwave\node_modules\next\dist\server\dev\next-dev-server.js:378:24)
    at async invokeRender (C:\Users\ACER\Documents\trae_projects\Acctwave\node_modules\next\dist\server\lib\router-server.js:240:21)
    at async handleRequest (C:\Users\ACER\Documents\trae_projects\Acctwave\node_modules\next\dist\server\lib\router-server.js:436:24)
    at async requestHandlerImpl (C:\Users\ACER\Documents\trae_projects\Acctwave\node_modules\next\dist\server\lib\router-server.js:484:13)
    at async Server.requestListener (C:\Users\ACER\Documents\trae_projects\Acctwave\node_modules\next\dist\server\lib\start-server.js:226:13)
TV: Calling getServices...
TV: Raw Response Type: object, IsArray: true
TV: First item: {"serviceName":"servicenotlisted","capability":"Sms"}
TV: Total items: 3782
CRITICAL TV ERROR: Cannot read properties of undefined (reading 'toString') 
Stack: TypeError: Cannot read properties of undefined (reading 'toString')
    at C:\Users\ACER\Documents\trae_projects\Acctwave\.next\dev\server\chunks\[root-of-the-server]__48b05d59._.js:239:40
    at Array.map (<anonymous>)
    at TextVerified.getServices (C:\Users\ACER\Documents\trae_projects\Acctwave\.next\dev\server\chunks\[root-of-the-server]__48b05d59._.js:238:33)
    at process.processTicksAndRejections (node:internal/process/task_queues:105:5)
    at async GET (C:\Users\ACER\Documents\trae_projects\Acctwave\.next\dev\server\chunks\[root-of-the-server]__48b05d59._.js:536:36)
    at async AppRouteRouteModule.do (C:\Users\ACER\Documents\trae_projects\Acctwave\node_modules\next\dist\compiled\next-server\app-route-turbo.runtime.dev.js:5:37789)
    at async AppRouteRouteModule.handle (C:\Users\ACER\Documents\trae_projects\Acctwave\node_modules\next\dist\compiled\next-server\app-route-turbo.runtime.dev.js:5:45045)
    at async responseGenerator (C:\Users\ACER\Documents\trae_projects\Acctwave\.next\dev\server\chunks\node_modules_e6bd3c31._.js:15806:38)
    at async AppRouteRouteModule.handleResponse (C:\Users\ACER\Documents\trae_projects\Acctwave\node_modules\next\dist\compiled\next-server\app-route-turbo.runtime.dev.js:1:187851)
    at async handleResponse (C:\Users\ACER\Documents\trae_projects\Acctwave\.next\dev\server\chunks\node_modules_e6bd3c31._.js:15868:32)
    at async handler (C:\Users\ACER\Documents\trae_projects\Acctwave\.next\dev\server\chunks\node_modules_e6bd3c31._.js:15921:13)
    at async DevServer.renderToResponseWithComponentsImpl (C:\Users\ACER\Documents\trae_projects\Acctwave\node_modules\next\dist\server\base-server.js:1413:9)
    at async DevServer.renderPageComponent (C:\Users\ACER\Documents\trae_projects\Acctwave\node_modules\next\dist\server\base-server.js:1465:24)
    at async DevServer.renderToResponseImpl (C:\Users\ACER\Documents\trae_projects\Acctwave\node_modules\next\dist\server\base-server.js:1515:32)
    at async DevServer.pipeImpl (C:\Users\ACER\Documents\trae_projects\Acctwave\node_modules\next\dist\server\base-server.js:1021:25)
    at async NextNodeServer.handleCatchallRenderRequest (C:\Users\ACER\Documents\trae_projects\Acctwave\node_modules\next\dist\server\next-server.js:394:17)
    at async DevServer.handleRequestImpl (C:\Users\ACER\Documents\trae_projects\Acctwave\node_modules\next\dist\server\base-server.js:912:17)
    at async C:\Users\ACER\Documents\trae_projects\Acctwave\node_modules\next\dist\server\dev\next-dev-server.js:382:20
    at async Span.traceAsyncFn (C:\Users\ACER\Documents\trae_projects\Acctwave\node_modules\next\dist\trace\trace.js:157:20)
    at async DevServer.handleRequest (C:\Users\ACER\Documents\trae_projects\Acctwave\node_modules\next\dist\server\dev\next-dev-server.js:378:24)
    at async invokeRender (C:\Users\ACER\Documents\trae_projects\Acctwave\node_modules\next\dist\server\lib\router-server.js:240:21)
    at async handleRequest (C:\Users\ACER\Documents\trae_projects\Acctwave\node_modules\next\dist\server\lib\router-server.js:436:24)
    at async requestHandlerImpl (C:\Users\ACER\Documents\trae_projects\Acctwave\node_modules\next\dist\server\lib\router-server.js:484:13)
    at async Server.requestListener (C:\Users\ACER\Documents\trae_projects\Acctwave\node_modules\next\dist\server\lib\start-server.js:226:13)
